#
# There is insufficient memory for the Java Runtime Environment to continue.
# Native memory allocation (malloc) failed to allocate 1048576 bytes for AllocateHeap
# Possible reasons:
#   The system is out of physical RAM or swap space
#   The process is running with CompressedOops enabled, and the Java Heap may be blocking the growth of the native heap
# Possible solutions:
#   Reduce memory load on the system
#   Increase physical memory or swap space
#   Check if swap backing store is full
#   Decrease Java heap size (-Xmx/-Xms)
#   Decrease number of Java threads
#   Decrease Java thread stack sizes (-Xss)
#   Set larger code cache with -XX:ReservedCodeCacheSize=
#   JVM is running with Zero Based Compressed Oops mode in which the Java heap is
#     placed in the first 32GB address space. The Java Heap base address is the
#     maximum limit for the native heap growth. Please use -XX:HeapBaseMinAddress
#     to set the Java Heap base and to place the Java Heap above 32GB virtual address.
# This output file may be truncated or incomplete.
#
#  Out of Memory Error (allocation.cpp:44), pid=20068, tid=14124
#
# JRE version:  (17.0.7+8) (build )
# Java VM: Java HotSpot(TM) 64-Bit Server VM (17.0.7+8-LTS-224, mixed mode, sharing, tiered, compressed oops, compressed class ptrs, g1 gc, windows-amd64)
# No core dump will be written. Minidumps are not enabled by default on client versions of Windows
#

---------------  S U M M A R Y ------------

Command Line: 

Host: AMD Ryzen 5 5625U with Radeon Graphics         , 12 cores, 15G,  Windows 11 , 64 bit Build 22621 (10.0.22621.2506)
Time: Sun May  5 20:15:49 2024 E. Africa Standard Time elapsed time: 0.018753 seconds (0d 0h 0m 0s)

---------------  T H R E A D  ---------------

Current thread (0x000002d1846cc160):  JavaThread "Unknown thread" [_thread_in_vm, id=14124, stack(0x000000e2be400000,0x000000e2be500000)]

Stack: [0x000000e2be400000,0x000000e2be500000]
Native frames: (J=compiled Java code, j=interpreted, Vv=VM code, C=native code)
V  [jvm.dll+0x676a4a]
V  [jvm.dll+0x7d74f4]
V  [jvm.dll+0x7d8c9e]
V  [jvm.dll+0x7d9303]
V  [jvm.dll+0x2452c5]
V  [jvm.dll+0xa50a3]
V  [jvm.dll+0x2e2c5e]
V  [jvm.dll+0x2da97b]
V  [jvm.dll+0x7a8fb1]
V  [jvm.dll+0x3670e1]
V  [jvm.dll+0x788359]
V  [jvm.dll+0x3ea5ef]
V  [jvm.dll+0x3ec071]
C  [jli.dll+0x5297]
C  [ucrtbase.dll+0x29363]
C  [KERNEL32.DLL+0x1257d]
C  [ntdll.dll+0x5aa58]


---------------  P R O C E S S  ---------------

Threads class SMR info:
_java_thread_list=0x00007ffdff744998, length=0, elements={
}

Java Threads: ( => current thread )

Other Threads:
  0x000002d1847330a0 GCTaskThread "GC Thread#0" [stack: 0x000000e2be500000,0x000000e2be600000] [id=3592]

[error occurred during error reporting (printing all threads), id 0xc0000005, EXCEPTION_ACCESS_VIOLATION (0xc0000005) at pc=0x00007ffdfef77bd0]

VM state: not at safepoint (not fully initialized)

VM Mutex/Monitor currently owned by a thread:  ([mutex/lock_event])
[0x000002d1846c8610] Heap_lock - owner thread: 0x000002d1846cc160

Heap address: 0x000000070a600000, size: 3930 MB, Compressed Oops mode: Zero based, Oop shift amount: 3

CDS archive(s) mapped at: [0x0000000000000000-0x0000000000000000-0x0000000000000000), size 0, SharedBaseAddress: 0x0000000800000000, ArchiveRelocationMode: 0.
Narrow klass base: 0x0000000000000000, Narrow klass shift: 0, Narrow klass range: 0x0

GC Precious Log:
<Empty>

Heap:
 garbage-first heap   total 0K, used 0K [0x000000070a600000, 0x0000000800000000)
  region size 2048K, 0 young (0K), 0 survivors (0K)

[error occurred during error reporting (printing heap information), id 0xc0000005, EXCEPTION_ACCESS_VIOLATION (0xc0000005) at pc=0x00007ffdff3600b9]

GC Heap History (0 events):
No events

Deoptimization events (0 events):
No events

Classes unloaded (0 events):
No events

Classes redefined (0 events):
No events

Internal exceptions (0 events):
No events

VM Operations (0 events):
No events

Events (1 events):
Event: 0.011 Loaded shared library C:\Program Files\Java\jdk-17\bin\java.dll


Dynamic libraries:
0x00007ff7d1820000 - 0x00007ff7d1830000 	C:\Program Files\Java\jdk-17\bin\java.exe
0x00007ffe621b0000 - 0x00007ffe623c7000 	C:\Windows\SYSTEM32\ntdll.dll
0x00007ffe61500000 - 0x00007ffe615c4000 	C:\Windows\System32\KERNEL32.DLL
0x00007ffe5f910000 - 0x00007ffe5fcb6000 	C:\Windows\System32\KERNELBASE.dll
0x00007ffe5fcf0000 - 0x00007ffe5fe01000 	C:\Windows\System32\ucrtbase.dll
0x00007ffe58e30000 - 0x00007ffe58e49000 	C:\Program Files\Java\jdk-17\bin\jli.dll
0x00007ffe60a10000 - 0x00007ffe60ac3000 	C:\Windows\System32\ADVAPI32.dll
0x00007ffe60e50000 - 0x00007ffe60ef7000 	C:\Windows\System32\msvcrt.dll
0x00007ffe60f00000 - 0x00007ffe60fa8000 	C:\Windows\System32\sechost.dll
0x00007ffe5f720000 - 0x00007ffe5f748000 	C:\Windows\System32\bcrypt.dll
0x00007ffe608f0000 - 0x00007ffe60a07000 	C:\Windows\System32\RPCRT4.dll
0x00007ffe60ad0000 - 0x00007ffe60c7e000 	C:\Windows\System32\USER32.dll
0x00007ffe54910000 - 0x00007ffe5492b000 	C:\Program Files\Java\jdk-17\bin\VCRUNTIME140.dll
0x00007ffe5fcc0000 - 0x00007ffe5fce6000 	C:\Windows\System32\win32u.dll
0x00007ffe61620000 - 0x00007ffe61649000 	C:\Windows\System32\GDI32.dll
0x00007ffe5f7f0000 - 0x00007ffe5f908000 	C:\Windows\System32\gdi32full.dll
0x00007ffe5f750000 - 0x00007ffe5f7ea000 	C:\Windows\System32\msvcp_win.dll
0x00007ffe3c2c0000 - 0x00007ffe3c553000 	C:\Windows\WinSxS\amd64_microsoft.windows.common-controls_6595b64144ccf1df_6.0.22621.2506_none_270c5ae97388e100\COMCTL32.dll
0x00007ffe578e0000 - 0x00007ffe578ea000 	C:\Windows\SYSTEM32\VERSION.dll
0x00007ffe618c0000 - 0x00007ffe618f1000 	C:\Windows\System32\IMM32.DLL
0x00007ffe57610000 - 0x00007ffe5761c000 	C:\Program Files\Java\jdk-17\bin\vcruntime140_1.dll
0x00007ffe3acb0000 - 0x00007ffe3ad3e000 	C:\Program Files\Java\jdk-17\bin\msvcp140.dll
0x00007ffdfec90000 - 0x00007ffdff86d000 	C:\Program Files\Java\jdk-17\bin\server\jvm.dll
0x00007ffe612c0000 - 0x00007ffe612c8000 	C:\Windows\System32\PSAPI.DLL
0x00007ffe57930000 - 0x00007ffe57964000 	C:\Windows\SYSTEM32\WINMM.dll
0x00007ffe34730000 - 0x00007ffe34739000 	C:\Windows\SYSTEM32\WSOCK32.dll
0x00007ffe61080000 - 0x00007ffe610f1000 	C:\Windows\System32\WS2_32.dll
0x00007ffe5e5e0000 - 0x00007ffe5e5f8000 	C:\Windows\SYSTEM32\kernel.appcore.dll
0x00007ffe56370000 - 0x00007ffe5637a000 	C:\Program Files\Java\jdk-17\bin\jimage.dll
0x00007ffe5ccc0000 - 0x00007ffe5cef3000 	C:\Windows\SYSTEM32\DBGHELP.DLL
0x00007ffe61960000 - 0x00007ffe61ce9000 	C:\Windows\System32\combase.dll
0x00007ffe61650000 - 0x00007ffe61727000 	C:\Windows\System32\OLEAUT32.dll
0x00007ffe34ea0000 - 0x00007ffe34ed2000 	C:\Windows\SYSTEM32\dbgcore.DLL
0x00007ffe5fe80000 - 0x00007ffe5fefa000 	C:\Windows\System32\bcryptPrimitives.dll
0x00007ffe53df0000 - 0x00007ffe53e15000 	C:\Program Files\Java\jdk-17\bin\java.dll

dbghelp: loaded successfully - version: 4.0.5 - missing functions: none
symbol engine: initialized successfully - sym options: 0x614 - pdb path: .;C:\Program Files\Java\jdk-17\bin;C:\Windows\SYSTEM32;C:\Windows\WinSxS\amd64_microsoft.windows.common-controls_6595b64144ccf1df_6.0.22621.2506_none_270c5ae97388e100;C:\Program Files\Java\jdk-17\bin\server

VM Arguments:
java_command: <unknown>
java_class_path (initial): <not set>
Launcher Type: SUN_STANDARD

[Global flags]
     intx CICompilerCount                          = 4                                         {product} {ergonomic}
     uint ConcGCThreads                            = 3                                         {product} {ergonomic}
     uint G1ConcRefinementThreads                  = 10                                        {product} {ergonomic}
   size_t G1HeapRegionSize                         = 2097152                                   {product} {ergonomic}
    uintx GCDrainStackTargetSize                   = 64                                        {product} {ergonomic}
   size_t InitialHeapSize                          = 257949696                                 {product} {ergonomic}
   size_t MarkStackSize                            = 4194304                                   {product} {ergonomic}
   size_t MaxHeapSize                              = 4120903680                                {product} {ergonomic}
   size_t MinHeapDeltaBytes                        = 2097152                                   {product} {ergonomic}
   size_t MinHeapSize                              = 8388608                                   {product} {ergonomic}
    uintx NonNMethodCodeHeapSize                   = 5839372                                {pd product} {ergonomic}
    uintx NonProfiledCodeHeapSize                  = 122909434                              {pd product} {ergonomic}
    uintx ProfiledCodeHeapSize                     = 122909434                              {pd product} {ergonomic}
    uintx ReservedCodeCacheSize                    = 251658240                              {pd product} {ergonomic}
     bool SegmentedCodeCache                       = true                                      {product} {ergonomic}
   size_t SoftMaxHeapSize                          = 4120903680                             {manageable} {ergonomic}
     bool UseCompressedClassPointers               = true                           {product lp64_product} {ergonomic}
     bool UseCompressedOops                        = true                           {product lp64_product} {ergonomic}
     bool UseG1GC                                  = true                                      {product} {ergonomic}
     bool UseLargePagesIndividualAllocation        = false                                  {pd product} {ergonomic}

Logging:
Log output configuration:
 #0: stdout all=warning uptime,level,tags
 #1: stderr all=off uptime,level,tags

Environment Variables:
PATH=D:\Projects\React-Native\EventTracking\node_modules\.bin;D:\Projects\React-Native\node_modules\.bin;D:\Projects\node_modules\.bin;D:\node_modules\.bin;C:\Program Files\nodejs\node_modules\npm\node_modules\@npmcli\run-script\lib\node-gyp-bin;C:\Users\icare\bin;D:\softwares\Git\mingw64\bin;D:\softwares\Git\usr\local\bin;D:\softwares\Git\usr\bin;D:\softwares\Git\usr\bin;D:\softwares\Git\mingw64\bin;D:\softwares\Git\usr\bin;C:\Users\icare\bin;C:\Program Files (x86)\VMware\VMware Player\bin;C:\Program Files\Common Files\Oracle\Java\javapath;C:\Program Files (x86)\Common Files\Oracle\Java\javapath;C:\Windows\system32;C:\Windows;C:\Windows\System32\Wbem;C:\Windows\System32\WindowsPowerShell\v1.0;C:\Windows\System32\OpenSSH;D:\softwares\Git\cmd;C:\ProgramData\chocolatey\bin;C:\Program Files\IDM Computer Solutions\UltraCompare;C:\Program Files\Docker\Docker\resources\bin;C:\Program Files\nodejs;C:\Users\icare\AppData\Local\Programs\Python\Python310\Scripts;C:\Users\icare\AppData\Local\Programs\Python\Python310;D:\softwares\Git\home\dw\go\src\github.com\fabric-samples\bin;D:\softwares\Microsoft VS Code\bin;C:\Users\icare\AppData\Local\GitHubDesktop\bin;C:\Users\icare\AppData\Roaming\npm;D:\softwares\Git\usr\bin\vendor_perl;D:\softwares\Git\usr\bin\core_perl
USERNAME=icare
SHELL=D:\softwares\Git\usr\bin\bash.exe
DISPLAY=needs-to-be-defined
LC_CTYPE=en_US.UTF-8
OS=Windows_NT
PROCESSOR_IDENTIFIER=AMD64 Family 25 Model 80 Stepping 0, AuthenticAMD



---------------  S Y S T E M  ---------------

OS:
 Windows 11 , 64 bit Build 22621 (10.0.22621.2506)
OS uptime: 3 days 3:22 hours
Hyper-V role detected

CPU: total 12 (initial active 12) (12 cores per cpu, 2 threads per core) family 25 model 80 stepping 0 microcode 0x0, cx8, cmov, fxsr, ht, mmx, 3dnowpref, sse, sse2, sse3, ssse3, sse4a, sse4.1, sse4.2, popcnt, lzcnt, tsc, tscinvbit, avx, avx2, aes, erms, clmul, bmi1, bmi2, adx, sha, fma, vzeroupper, clflush, clflushopt, hv

Memory: 4k page, system-wide physical 15713M (1026M free)
TotalPageFile size 18573M (AvailPageFile size 8M)
current process WorkingSet (physical memory assigned to process): 11M, peak: 11M
current process commit charge ("private bytes"): 54M, peak: 55M

vm_info: Java HotSpot(TM) 64-Bit Server VM (17.0.7+8-LTS-224) for windows-amd64 JRE (17.0.7+8-LTS-224), built on Feb 28 2023 23:03:02 by "mach5one" with MS VC++ 17.1 (VS2022)

END.
